This is pdfTeX, Version 3.141592653-2.6-1.40.25 (TeX Live 2023) (preloaded format=pdflatex 2024.3.3)  5 JUN 2024 16:52
entering extended mode
 restricted \write18 enabled.
 file:line:error style messages enabled.
 %&-line parsing enabled.
**q1.tex
(./q1.tex
LaTeX2e <2022-11-01> patch level 1
L3 programming layer <2023-02-22>
./q1.tex:6: Undefined control sequence.
l.6 \magnification
                  =1200
? 
./q1.tex:6: Emergency stop.
l.6 
    
End of file on the terminal!

 
Here is how much of TeX's memory you used:
 16 strings out of 476025
 363 string characters out of 5790018
 1849388 words of memory out of 5000000
 20569 multiletter control sequences out of 15000+600000
 512287 words of font info for 32 fonts, out of 8000000 for 9000
 1141 hyphenation exceptions out of 8191
 13i,0n,12p,82b,10s stack positions out of 10000i,1000n,20000p,200000b,200000s
./q1.tex:6:  ==> Fatal error occurred, no output PDF file produced!
